Start testing: Sep 17 15:18 CEST
----------------------------------------------------------
1/1 Testing: logger_tests
1/1 Test: logger_tests
Command: "/home/zekageri/projects/ESPToolKit/libs/esp-logger/build/test/logger_tests"
Directory: /home/zekageri/projects/ESPToolKit/libs/esp-logger/build/test
"logger_tests" start time: Sep 17 15:18 CEST
Output:
----------------------------------------------------------
All tests passed
<end of output>
Test time =   0.00 sec
----------------------------------------------------------
Test Passed.
"logger_tests" end time: Sep 17 15:18 CEST
"logger_tests" time elapsed: 00:00:00
----------------------------------------------------------

End testing: Sep 17 15:18 CEST
